TN:
SF:App.js
FN:20,(anonymous_0)
FN:26,(anonymous_1)
FN:37,(anonymous_2)
FN:45,(anonymous_3)
FN:48,(anonymous_4)
FNF:5
FNH:0
FNDA:0,(anonymous_0)
FNDA:0,(anonymous_1)
FNDA:0,(anonymous_2)
FNDA:0,(anonymous_3)
FNDA:0,(anonymous_4)
DA:10,0
DA:15,0
DA:21,0
DA:23,0
DA:26,0
DA:27,0
DA:28,0
DA:29,0
DA:30,0
DA:33,0
DA:38,0
DA:45,0
DA:49,0
DA:50,0
DA:56,0
LF:15
LH:0
BRDA:27,0,0,0
BRDA:27,0,1,0
BRDA:29,1,0,0
BRDA:29,1,1,0
BRDA:49,2,0,0
BRDA:49,2,1,0
BRF:6
BRH:0
end_of_record
TN:
SF:react-native.config.js
FNF:0
FNH:0
DA:1,0
LF:1
LH:0
BRF:0
BRH:0
end_of_record
TN:
SF:components\Auth.js
FN:64,(anonymous_0)
FN:73,(anonymous_1)
FN:73,(anonymous_2)
FN:79,(anonymous_3)
FNF:4
FNH:0
FNDA:0,(anonymous_0)
FNDA:0,(anonymous_1)
FNDA:0,(anonymous_2)
FNDA:0,(anonymous_3)
DA:9,0
DA:16,0
DA:21,0
DA:28,0
DA:32,0
DA:36,0
DA:40,0
DA:47,0
DA:49,0
DA:55,0
DA:65,0
DA:67,0
DA:73,0
DA:74,0
DA:80,0
LF:15
LH:0
BRF:0
BRH:0
end_of_record
TN:
SF:components\ErrorBoundary.js
FN:6,(anonymous_0)
FN:14,(anonymous_1)
FN:18,(anonymous_2)
FN:22,(anonymous_3)
FNF:4
FNH:0
FNDA:0,(anonymous_0)
FNDA:0,(anonymous_1)
FNDA:0,(anonymous_2)
FNDA:0,(anonymous_3)
DA:7,0
DA:9,0
DA:15,0
DA:19,0
DA:23,0
DA:24,0
DA:27,0
DA:31,0
LF:8
LH:0
BRDA:23,0,0,0
BRDA:23,0,1,0
BRF:2
BRH:0
end_of_record
TN:
SF:components\FadeInLoader.js
FN:6,(anonymous_0)
FN:14,(anonymous_1)
FN:22,(anonymous_2)
FNF:3
FNH:0
FNDA:0,(anonymous_0)
FNDA:0,(anonymous_1)
FNDA:0,(anonymous_2)
DA:7,0
DA:9,0
DA:15,0
DA:23,0
DA:31,0
LF:5
LH:0
BRF:0
BRH:0
end_of_record
TN:
SF:components\FloatingLabelInput.js
FN:25,(anonymous_0)
FN:33,(anonymous_1)
FN:40,(anonymous_2)
FN:47,(anonymous_3)
FN:49,(anonymous_4)
FN:75,(anonymous_5)
FNF:6
FNH:0
FNDA:0,(anonymous_0)
FNDA:0,(anonymous_1)
FNDA:0,(anonymous_2)
FNDA:0,(anonymous_3)
FNDA:0,(anonymous_4)
FNDA:0,(anonymous_5)
DA:6,0
DA:10,0
DA:15,0
DA:26,0
DA:28,0
DA:33,0
DA:34,0
DA:40,0
DA:41,0
DA:47,0
DA:50,0
DA:75,0
DA:84,0
DA:90,0
LF:14
LH:0
BRDA:47,0,0,0
BRDA:47,0,1,0
BRF:2
BRH:0
end_of_record
TN:
SF:components\ForgotPassword.js
FN:51,(anonymous_0)
FN:59,(anonymous_1)
FN:65,(anonymous_2)
FNF:3
FNH:0
FNDA:0,(anonymous_0)
FNDA:0,(anonymous_1)
FNDA:0,(anonymous_2)
DA:7,0
DA:14,0
DA:19,0
DA:26,0
DA:30,0
DA:34,0
DA:36,0
DA:42,0
DA:52,0
DA:54,0
DA:59,0
DA:60,0
DA:66,0
LF:13
LH:0
BRF:0
BRH:0
end_of_record
TN:
SF:components\Question.js
FN:26,(anonymous_0)
FNF:1
FNH:0
FNDA:0,(anonymous_0)
DA:6,0
DA:13,0
DA:19,0
DA:27,0
LF:4
LH:0
BRF:0
BRH:0
end_of_record
TN:
SF:components\Registry.js
FN:106,(anonymous_0)
FN:119,(anonymous_1)
FN:119,(anonymous_2)
FN:125,(anonymous_3)
FN:133,(anonymous_4)
FN:155,(anonymous_5)
FN:177,(anonymous_6)
FN:184,(anonymous_7)
FN:192,(anonymous_8)
FNF:9
FNH:0
FNDA:0,(anonymous_0)
FNDA:0,(anonymous_1)
FNDA:0,(anonymous_2)
FNDA:0,(anonymous_3)
FNDA:0,(anonymous_4)
FNDA:0,(anonymous_5)
FNDA:0,(anonymous_6)
FNDA:0,(anonymous_7)
FNDA:0,(anonymous_8)
DA:9,0
DA:16,0
DA:21,0
DA:29,0
DA:33,0
DA:38,0
DA:44,0
DA:49,0
DA:56,0
DA:60,0
DA:62,0
DA:68,0
DA:77,0
DA:84,0
DA:90,0
DA:100,0
DA:107,0
DA:109,0
DA:119,0
DA:120,0
DA:125,0
DA:126,0
DA:127,0
DA:133,0
DA:134,0
DA:135,0
DA:142,0
DA:143,0
DA:149,0
DA:151,0
DA:155,0
DA:156,0
DA:157,0
DA:164,0
DA:165,0
DA:171,0
DA:173,0
DA:177,0
DA:178,0
DA:184,0
DA:185,0
DA:186,0
DA:193,0
DA:195,0
LF:44
LH:0
BRDA:126,0,0,0
BRDA:126,0,1,0
BRDA:142,1,0,0
BRDA:142,1,1,0
BRDA:164,2,0,0
BRDA:164,2,1,0
BRDA:185,3,0,0
BRDA:185,3,1,0
BRDA:222,4,0,0
BRDA:222,4,1,0
BRF:10
BRH:0
end_of_record
TN:
SF:components\Routes.js
FN:7,(anonymous_0)
FN:10,(anonymous_1)
FN:11,(anonymous_2)
FN:12,(anonymous_3)
FNF:4
FNH:0
FNDA:0,(anonymous_0)
FNDA:0,(anonymous_1)
FNDA:0,(anonymous_2)
FNDA:0,(anonymous_3)
DA:8,0
DA:10,0
DA:11,0
DA:12,0
LF:4
LH:0
BRF:0
BRH:0
end_of_record
